user@host$ objdump --headers ./netmonitor

./netmonitor:     file format elf64-x86-64

Sections:
Idx Name          Size      VMA               LMA               File off  Algn
  0 .interp       0000001c  0000000000400238  0000000000400238  00000238  2**0
                  CONTENTS, ALLOC, LOAD, READONLY, DATA
  1 .note.ABI-tag 00000020  0000000000400254  0000000000400254  00000254  2**2
                  CONTENTS, ALLOC, LOAD, READONLY, DATA
  2 .note.gnu.build-id 00000024  0000000000400274  0000000000400274  00000274  2**2
                  CONTENTS, ALLOC, LOAD, READONLY, DATA
  3 .gnu.hash     000000b4  0000000000400298  0000000000400298  00000298  2**3
                  CONTENTS, ALLOC, LOAD, READONLY, DATA
  4 .dynsym       00000918  0000000000400350  0000000000400350  00000350  2**3
                  CONTENTS, ALLOC, LOAD, READONLY, DATA
  5 .dynstr       00000e70  0000000000400c68  0000000000400c68  00000c68  2**0
                  CONTENTS, ALLOC, LOAD, READONLY, DATA
  6 .gnu.version  000000c2  0000000000401ad8  0000000000401ad8  00001ad8  2**1
                  CONTENTS, ALLOC, LOAD, READONLY, DATA
  7 .gnu.version_r 000000f0  0000000000401ba0  0000000000401ba0  00001ba0  2**3
                  CONTENTS, ALLOC, LOAD, READONLY, DATA
  8 .rela.dyn     00000180  0000000000401c90  0000000000401c90  00001c90  2**3
                  CONTENTS, ALLOC, LOAD, READONLY, DATA
  9 .rela.plt     000006f0  0000000000401e10  0000000000401e10  00001e10  2**3
                  CONTENTS, ALLOC, LOAD, READONLY, DATA
 10 .init         0000001a  0000000000402500  0000000000402500  00002500  2**2
                  CONTENTS, ALLOC, LOAD, READONLY, CODE
 11 .plt          000004b0  0000000000402520  0000000000402520  00002520  2**4
                  CONTENTS, ALLOC, LOAD, READONLY, CODE
 12 .plt.got      00000008  00000000004029d0  00000000004029d0  000029d0  2**3
                  CONTENTS, ALLOC, LOAD, READONLY, CODE
 13 .text         00011b42  00000000004029e0  00000000004029e0  000029e0  2**4
                  CONTENTS, ALLOC, LOAD, READONLY, CODE
 14 .fini         00000009  0000000000414524  0000000000414524  00014524  2**2
                  CONTENTS, ALLOC, LOAD, READONLY, CODE
 15 .rodata       00000d33  0000000000414540  0000000000414540  00014540  2**5
                  CONTENTS, ALLOC, LOAD, READONLY, DATA
 16 .eh_frame_hdr 0000058c  0000000000415274  0000000000415274  00015274  2**2
                  CONTENTS, ALLOC, LOAD, READONLY, DATA
 17 .eh_frame     00002734  0000000000415800  0000000000415800  00015800  2**3
                  CONTENTS, ALLOC, LOAD, READONLY, DATA
 18 .gcc_except_table 00000875  0000000000417f34  0000000000417f34  00017f34  2**2
                  CONTENTS, ALLOC, LOAD, READONLY, DATA
 19 .init_array   00000010  0000000000618de8  0000000000618de8  00018de8  2**3
                  CONTENTS, ALLOC, LOAD, DATA
 20 .fini_array   00000008  0000000000618df8  0000000000618df8  00018df8  2**3
                  CONTENTS, ALLOC, LOAD, DATA
 21 .jcr          00000008  0000000000618e00  0000000000618e00  00018e00  2**3
                  CONTENTS, ALLOC, LOAD, DATA
 22 .dynamic      000001f0  0000000000618e08  0000000000618e08  00018e08  2**3
                  CONTENTS, ALLOC, LOAD, DATA
 23 .got          00000008  0000000000618ff8  0000000000618ff8  00018ff8  2**3
                  CONTENTS, ALLOC, LOAD, DATA
 24 .got.plt      00000268  0000000000619000  0000000000619000  00019000  2**3
                  CONTENTS, ALLOC, LOAD, DATA
 25 .data         00000420  0000000000619280  0000000000619280  00019280  2**5
                  CONTENTS, ALLOC, LOAD, DATA
 26 .bss          00000648  00000000006196a0  00000000006196a0  000196a0  2**5
                  ALLOC
 27 .comment      0000002f  0000000000000000  0000000000000000  000196a0  2**0
                  CONTENTS, READONLY
 28 .debug_aranges 00000ab0  0000000000000000  0000000000000000  000196cf  2**0
                  CONTENTS, READONLY, DEBUGGING
 29 .debug_info   00082dbe  0000000000000000  0000000000000000  0001a17f  2**0
                  CONTENTS, READONLY, DEBUGGING
 30 .debug_abbrev 000019f8  0000000000000000  0000000000000000  0009cf3d  2**0
                  CONTENTS, READONLY, DEBUGGING
 31 .debug_line   00008cb8  0000000000000000  0000000000000000  0009e935  2**0
                  CONTENTS, READONLY, DEBUGGING
 32 .debug_str    0007f0c7  0000000000000000  0000000000000000  000a75ed  2**0
                  CONTENTS, READONLY, DEBUGGING
 33 .debug_loc    0004c7c9  0000000000000000  0000000000000000  001266b4  2**0
                  CONTENTS, READONLY, DEBUGGING
 34 .debug_ranges 00012670  0000000000000000  0000000000000000  00172e7d  2**0
                  CONTENTS, READONLY, DEBUGGING
