user@host$ readelf -e ./netmonitor

Section Headers:
  [Nr] Name              Type             Address           Offset
       Size              EntSize          Flags  Link  Info  Align
  [ 0]                   NULL             0000000000000000  00000000
       0000000000000000  0000000000000000           0     0     0
  [ 1] .interp           PROGBITS         0000000000400238  00000238
       000000000000001c  0000000000000000   A       0     0     1
  [ 2] .note.ABI-tag     NOTE             0000000000400254  00000254
       0000000000000020  0000000000000000   A       0     0     4
  [ 3] .note.gnu.build-i NOTE             0000000000400274  00000274
       0000000000000024  0000000000000000   A       0     0     4
  [ 4] .gnu.hash         GNU_HASH         0000000000400298  00000298
       00000000000000b4  0000000000000000   A       5     0     8
  [ 5] .dynsym           DYNSYM           0000000000400350  00000350
       0000000000000918  0000000000000018   A       6     1     8
  [ 6] .dynstr           STRTAB           0000000000400c68  00000c68
       0000000000000e70  0000000000000000   A       0     0     1
  [ 7] .gnu.version      VERSYM           0000000000401ad8  00001ad8
       00000000000000c2  0000000000000002   A       5     0     2
  [ 8] .gnu.version_r    VERNEED          0000000000401ba0  00001ba0
       00000000000000f0  0000000000000000   A       6     3     8
  [ 9] .rela.dyn         RELA             0000000000401c90  00001c90
       0000000000000180  0000000000000018   A       5     0     8
  [10] .rela.plt         RELA             0000000000401e10  00001e10
       00000000000006f0  0000000000000018  AI       5    25     8
  [11] .init             PROGBITS         0000000000402500  00002500
       000000000000001a  0000000000000000  AX       0     0     4
  [12] .plt              PROGBITS         0000000000402520  00002520
       00000000000004b0  0000000000000010  AX       0     0     16
  [13] .plt.got          PROGBITS         00000000004029d0  000029d0
       0000000000000008  0000000000000000  AX       0     0     8
  [14] .text             PROGBITS         00000000004029e0  000029e0
       0000000000011b42  0000000000000000  AX       0     0     16
  [15] .fini             PROGBITS         0000000000414524  00014524
       0000000000000009  0000000000000000  AX       0     0     4
  [16] .rodata           PROGBITS         0000000000414540  00014540
       0000000000000d33  0000000000000000   A       0     0     32
  [17] .eh_frame_hdr     PROGBITS         0000000000415274  00015274
       000000000000058c  0000000000000000   A       0     0     4
  [18] .eh_frame         PROGBITS         0000000000415800  00015800
       0000000000002734  0000000000000000   A       0     0     8
  [19] .gcc_except_table PROGBITS         0000000000417f34  00017f34
       0000000000000875  0000000000000000   A       0     0     4
  [20] .init_array       INIT_ARRAY       0000000000618de8  00018de8
       0000000000000010  0000000000000000  WA       0     0     8
  [21] .fini_array       FINI_ARRAY       0000000000618df8  00018df8
       0000000000000008  0000000000000000  WA       0     0     8
  [22] .jcr              PROGBITS         0000000000618e00  00018e00
       0000000000000008  0000000000000000  WA       0     0     8
  [23] .dynamic          DYNAMIC          0000000000618e08  00018e08
       00000000000001f0  0000000000000010  WA       6     0     8
  [24] .got              PROGBITS         0000000000618ff8  00018ff8
       0000000000000008  0000000000000008  WA       0     0     8
  [25] .got.plt          PROGBITS         0000000000619000  00019000
       0000000000000268  0000000000000008  WA       0     0     8
  [26] .data             PROGBITS         0000000000619280  00019280
       0000000000000420  0000000000000000  WA       0     0     32
  [27] .bss              NOBITS           00000000006196a0  000196a0
       0000000000000648  0000000000000000  WA       0     0     32
  [28] .comment          PROGBITS         0000000000000000  000196a0
       000000000000002f  0000000000000001  MS       0     0     1
  [29] .debug_aranges    PROGBITS         0000000000000000  000196cf
       0000000000000ab0  0000000000000000           0     0     1
  [30] .debug_info       PROGBITS         0000000000000000  0001a17f
       0000000000082dbe  0000000000000000           0     0     1
  [31] .debug_abbrev     PROGBITS         0000000000000000  0009cf3d
       00000000000019f8  0000000000000000           0     0     1
  [32] .debug_line       PROGBITS         0000000000000000  0009e935
       0000000000008cb8  0000000000000000           0     0     1
  [33] .debug_str        PROGBITS         0000000000000000  000a75ed
       000000000007f0c7  0000000000000001  MS       0     0     1
  [34] .debug_loc        PROGBITS         0000000000000000  001266b4
       000000000004c7c9  0000000000000000           0     0     1
  [35] .debug_ranges     PROGBITS         0000000000000000  00172e7d
       0000000000012670  0000000000000000           0     0     1
  [36] .shstrtab         STRTAB           0000000000000000  0018f491
       0000000000000177  0000000000000000           0     0     1
  [37] .symtab           SYMTAB           0000000000000000  001854f0
       00000000000027d8  0000000000000018          38    65     8
  [38] .strtab           STRTAB           0000000000000000  00187cc8
       00000000000077c9  0000000000000000           0     0     1
Key to Flags:
  W (write), A (alloc), X (execute), M (merge), S (strings), l (large)
  I (info), L (link order), G (group), T (TLS), E (exclude), x (unknown)
  O (extra OS processing required) o (OS specific), p (processor specific)

ELF Header:
  Magic:   7f 45 4c 46 02 01 01 03 00 00 00 00 00 00 00 00 
  Class:                             ELF64
  Data:                              2's complement, little endian
  Version:                           1 (current)
  OS/ABI:                            UNIX - GNU
  ABI Version:                       0
  Type:                              EXEC (Executable file)
  Machine:                           Advanced Micro Devices X86-64
  Version:                           0x1
  Entry point address:               0x402c20
  Start of program headers:          64 (bytes into file)
  Start of section headers:          1635848 (bytes into file)
  Flags:                             0x0
  Size of this header:               64 (bytes)
  Size of program headers:           56 (bytes)
  Number of program headers:         9
  Size of section headers:           64 (bytes)
  Number of section headers:         39
  Section header string table index: 36


Program Headers:
  Type           Offset             VirtAddr           PhysAddr
                 FileSiz            MemSiz              Flags  Align
  PHDR           0x0000000000000040 0x0000000000400040 0x0000000000400040
                 0x00000000000001f8 0x00000000000001f8  R E    8
  INTERP         0x0000000000000238 0x0000000000400238 0x0000000000400238
                 0x000000000000001c 0x000000000000001c  R      1
      [Requesting program interpreter: /lib64/ld-linux-x86-64.so.2]
  LOAD           0x0000000000000000 0x0000000000400000 0x0000000000400000
                 0x00000000000187a9 0x00000000000187a9  R E    200000
  LOAD           0x0000000000018de8 0x0000000000618de8 0x0000000000618de8
                 0x00000000000008b8 0x0000000000000f00  RW     200000
  DYNAMIC        0x0000000000018e08 0x0000000000618e08 0x0000000000618e08
                 0x00000000000001f0 0x00000000000001f0  RW     8
  NOTE           0x0000000000000254 0x0000000000400254 0x0000000000400254
                 0x0000000000000044 0x0000000000000044  R      4
  GNU_EH_FRAME   0x0000000000015274 0x0000000000415274 0x0000000000415274
                 0x000000000000058c 0x000000000000058c  R      4
  GNU_STACK      0x0000000000000000 0x0000000000000000 0x0000000000000000
                 0x0000000000000000 0x0000000000000000  RW     10
  GNU_RELRO      0x0000000000018de8 0x0000000000618de8 0x0000000000618de8
                 0x0000000000000218 0x0000000000000218  R      1

 Section to Segment mapping:
  Segment Sections...
   00     
   01     .interp 
   02     .interp .note.ABI-tag .note.gnu.build-id .gnu.hash .dynsym .dynstr .gnu.version .gnu.version_r .rela.dyn .rela.plt .init .plt .plt.got .text .fini .rodata .eh_frame_hdr .eh_frame .gcc_except_table 
   03     .init_array .fini_array .jcr .dynamic .got .got.plt .data .bss 
   04     .dynamic 
   05     .note.ABI-tag .note.gnu.build-id 
   06     .eh_frame_hdr 
   07     
   08     .init_array .fini_array .jcr .dynamic .got 
